c:\users\xryan\documents\github\sp2\sp2\dm2122 prac\debug\vc142.pdb
c:\users\xryan\documents\github\sp2\sp2\dm2122 prac\debug\vc142.idb
c:\users\xryan\documents\github\sp2\sp2\dm2122 prac\debug\mesh.obj
c:\users\xryan\documents\github\sp2\sp2\dm2122 prac\debug\mainmenucamera.obj
c:\users\xryan\documents\github\sp2\sp2\dm2122 prac\debug\main.obj
c:\users\xryan\documents\github\sp2\sp2\dm2122 prac\debug\loadtga.obj
c:\users\xryan\documents\github\sp2\sp2\dm2122 prac\debug\loadobj.obj
c:\users\xryan\documents\github\sp2\sp2\dm2122 prac\debug\loadcornercoord.obj
c:\users\xryan\documents\github\sp2\sp2\dm2122 prac\debug\hologramui.obj
c:\users\xryan\documents\github\sp2\sp2\dm2122 prac\debug\hologramcamera.obj
c:\users\xryan\documents\github\sp2\sp2\dm2122 prac\debug\gameoverscene.obj
c:\users\xryan\documents\github\sp2\sp2\dm2122 prac\debug\firstpersoncamera.obj
c:\users\xryan\documents\github\sp2\sp2\dm2122 prac\debug\drivescene.obj
c:\users\xryan\documents\github\sp2\sp2\dm2122 prac\debug\collision_detector.obj
c:\users\xryan\documents\github\sp2\sp2\dm2122 prac\debug\cnode.obj
c:\users\xryan\documents\github\sp2\sp2\dm2122 prac\debug\citemlist.obj
c:\users\xryan\documents\github\sp2\sp2\dm2122 prac\debug\carstats.obj
c:\users\xryan\documents\github\sp2\sp2\dm2122 prac\debug\carselection.obj
c:\users\xryan\documents\github\sp2\sp2\dm2122 prac\debug\camera2.obj
c:\users\xryan\documents\github\sp2\sp2\dm2122 prac\debug\camera.obj
c:\users\xryan\documents\github\sp2\sp2\dm2122 prac\debug\application.obj
c:\users\xryan\documents\github\sp2\sp2\dm2122 prac\debug\allcardetails.obj
c:\users\xryan\documents\github\sp2\sp2\dm2122 prac\debug\utility.obj
c:\users\xryan\documents\github\sp2\sp2\dm2122 prac\debug\shader.obj
c:\users\xryan\documents\github\sp2\sp2\dm2122 prac\debug\sceneskybox.obj
c:\users\xryan\documents\github\sp2\sp2\dm2122 prac\debug\scenemanager.obj
c:\users\xryan\documents\github\sp2\sp2\dm2122 prac\debug\scenemainmenu.obj
c:\users\xryan\documents\github\sp2\sp2\dm2122 prac\debug\playerdetails.obj
c:\users\xryan\documents\github\sp2\sp2\dm2122 prac\debug\meshbuilder.obj
c:\users\xryan\documents\github\sp2\sp2\debug\dm2122 prac.exe
c:\users\xryan\documents\github\sp2\sp2\debug\dm2122 prac.ilk
c:\users\xryan\documents\github\sp2\sp2\debug\dm2122 prac.pdb
c:\users\xryan\documents\github\sp2\sp2\dm2122 prac\debug\dm2122 prac.tlog\cl.command.1.tlog
c:\users\xryan\documents\github\sp2\sp2\dm2122 prac\debug\dm2122 prac.tlog\cl.read.1.tlog
c:\users\xryan\documents\github\sp2\sp2\dm2122 prac\debug\dm2122 prac.tlog\cl.write.1.tlog
c:\users\xryan\documents\github\sp2\sp2\dm2122 prac\debug\dm2122 prac.tlog\link.command.1.tlog
c:\users\xryan\documents\github\sp2\sp2\dm2122 prac\debug\dm2122 prac.tlog\link.read.1.tlog
c:\users\xryan\documents\github\sp2\sp2\dm2122 prac\debug\dm2122 prac.tlog\link.write.1.tlog
