  Application.cpp
C:\Program Files (x86)\Windows Kits\10\Include\10.0.18362.0\shared\minwindef.h(130,1): warning C4005: 'APIENTRY': macro redefinition
  SceneSkybox.cpp
C:\Users\xryan\Documents\GitHub\SP2\SP2\glfw\include\GLFW\glfw3.h(104): message : see previous definition of 'APIENTRY'
C:\Users\xryan\Documents\GitHub\SP2\SP2\DM2122 Prac\Source\SceneSkybox.cpp(173,50): warning C4305: 'argument': truncation from 'double' to 'float'
C:\Users\xryan\Documents\GitHub\SP2\SP2\DM2122 Prac\Source\SceneSkybox.cpp(177,52): warning C4305: 'argument': truncation from 'double' to 'float'
C:\Users\xryan\Documents\GitHub\SP2\SP2\DM2122 Prac\Source\SceneSkybox.cpp(181,51): warning C4305: 'argument': truncation from 'double' to 'float'
C:\Users\xryan\Documents\GitHub\SP2\SP2\DM2122 Prac\Source\SceneSkybox.cpp(185,53): warning C4305: 'argument': truncation from 'double' to 'float'
C:\Users\xryan\Documents\GitHub\SP2\SP2\DM2122 Prac\Source\SceneSkybox.cpp(217,43): warning C4305: 'argument': truncation from 'double' to 'float'
C:\Users\xryan\Documents\GitHub\SP2\SP2\DM2122 Prac\Source\SceneSkybox.cpp(218,43): warning C4305: 'argument': truncation from 'double' to 'float'
C:\Users\xryan\Documents\GitHub\SP2\SP2\DM2122 Prac\Source\SceneSkybox.cpp(219,43): warning C4305: 'argument': truncation from 'double' to 'float'
C:\Users\xryan\Documents\GitHub\SP2\SP2\DM2122 Prac\Source\SceneSkybox.cpp(220,43): warning C4305: 'argument': truncation from 'double' to 'float'
C:\Users\xryan\Documents\GitHub\SP2\SP2\DM2122 Prac\Source\SceneSkybox.cpp(236,40): warning C4305: 'argument': truncation from 'double' to 'float'
C:\Users\xryan\Documents\GitHub\SP2\SP2\DM2122 Prac\Source\SceneSkybox.cpp(237,42): warning C4305: 'argument': truncation from 'double' to 'float'
C:\Users\xryan\Documents\GitHub\SP2\SP2\DM2122 Prac\Source\SceneSkybox.cpp(245,50): warning C4305: 'argument': truncation from 'double' to 'float'
C:\Users\xryan\Documents\GitHub\SP2\SP2\DM2122 Prac\Source\SceneSkybox.cpp(246,53): warning C4305: 'argument': truncation from 'double' to 'float'
C:\Users\xryan\Documents\GitHub\SP2\SP2\DM2122 Prac\Source\SceneSkybox.cpp(247,52): warning C4305: 'argument': truncation from 'double' to 'float'
C:\Users\xryan\Documents\GitHub\SP2\SP2\DM2122 Prac\Source\SceneSkybox.cpp(248,49): warning C4305: 'argument': truncation from 'double' to 'float'
C:\Users\xryan\Documents\GitHub\SP2\SP2\DM2122 Prac\Source\SceneSkybox.cpp(249,53): warning C4305: 'argument': truncation from 'double' to 'float'
C:\Users\xryan\Documents\GitHub\SP2\SP2\DM2122 Prac\Source\SceneSkybox.cpp(250,49): warning C4305: 'argument': truncation from 'double' to 'float'
C:\Users\xryan\Documents\GitHub\SP2\SP2\DM2122 Prac\Source\SceneSkybox.cpp(259,39): warning C4305: 'argument': truncation from 'double' to 'float'
C:\Users\xryan\Documents\GitHub\SP2\SP2\DM2122 Prac\Source\SceneSkybox.cpp(268,53): warning C4305: 'argument': truncation from 'double' to 'float'
C:\Users\xryan\Documents\GitHub\SP2\SP2\DM2122 Prac\Source\SceneSkybox.cpp(269,54): warning C4305: 'argument': truncation from 'double' to 'float'
C:\Users\xryan\Documents\GitHub\SP2\SP2\DM2122 Prac\Source\SceneSkybox.cpp(270,53): warning C4305: 'argument': truncation from 'double' to 'float'
C:\Users\xryan\Documents\GitHub\SP2\SP2\DM2122 Prac\Source\SceneSkybox.cpp(271,53): warning C4305: 'argument': truncation from 'double' to 'float'
C:\Users\xryan\Documents\GitHub\SP2\SP2\DM2122 Prac\Source\SceneSkybox.cpp(289,53): warning C4305: 'argument': truncation from 'double' to 'float'
C:\Users\xryan\Documents\GitHub\SP2\SP2\DM2122 Prac\Source\SceneSkybox.cpp(290,54): warning C4305: 'argument': truncation from 'double' to 'float'
C:\Users\xryan\Documents\GitHub\SP2\SP2\DM2122 Prac\Source\SceneSkybox.cpp(291,52): warning C4305: 'argument': truncation from 'double' to 'float'
C:\Users\xryan\Documents\GitHub\SP2\SP2\DM2122 Prac\Source\SceneSkybox.cpp(292,53): warning C4305: 'argument': truncation from 'double' to 'float'
C:\Users\xryan\Documents\GitHub\SP2\SP2\DM2122 Prac\Source\SceneSkybox.cpp(301,39): warning C4305: 'argument': truncation from 'double' to 'float'
C:\Users\xryan\Documents\GitHub\SP2\SP2\DM2122 Prac\Source\SceneSkybox.cpp(302,39): warning C4305: 'argument': truncation from 'double' to 'float'
C:\Users\xryan\Documents\GitHub\SP2\SP2\DM2122 Prac\Source\SceneSkybox.cpp(310,53): warning C4305: 'argument': truncation from 'double' to 'float'
C:\Users\xryan\Documents\GitHub\SP2\SP2\DM2122 Prac\Source\SceneSkybox.cpp(311,54): warning C4305: 'argument': truncation from 'double' to 'float'
C:\Users\xryan\Documents\GitHub\SP2\SP2\DM2122 Prac\Source\SceneSkybox.cpp(312,53): warning C4305: 'argument': truncation from 'double' to 'float'
C:\Users\xryan\Documents\GitHub\SP2\SP2\DM2122 Prac\Source\SceneSkybox.cpp(313,46): warning C4305: 'argument': truncation from 'double' to 'float'
C:\Users\xryan\Documents\GitHub\SP2\SP2\DM2122 Prac\Source\SceneSkybox.cpp(314,54): warning C4305: 'argument': truncation from 'double' to 'float'
C:\Users\xryan\Documents\GitHub\SP2\SP2\DM2122 Prac\Source\SceneSkybox.cpp(315,46): warning C4305: 'argument': truncation from 'double' to 'float'
C:\Users\xryan\Documents\GitHub\SP2\SP2\DM2122 Prac\Source\SceneSkybox.cpp(336,43): warning C4305: 'argument': truncation from 'double' to 'float'
C:\Users\xryan\Documents\GitHub\SP2\SP2\DM2122 Prac\Source\SceneSkybox.cpp(369,49): warning C4305: 'argument': truncation from 'double' to 'float'
C:\Users\xryan\Documents\GitHub\SP2\SP2\DM2122 Prac\Source\SceneSkybox.cpp(370,49): warning C4305: 'argument': truncation from 'double' to 'float'
C:\Users\xryan\Documents\GitHub\SP2\SP2\DM2122 Prac\Source\SceneSkybox.cpp(371,48): warning C4305: 'argument': truncation from 'double' to 'float'
C:\Users\xryan\Documents\GitHub\SP2\SP2\DM2122 Prac\Source\SceneSkybox.cpp(372,49): warning C4305: 'argument': truncation from 'double' to 'float'
C:\Users\xryan\Documents\GitHub\SP2\SP2\DM2122 Prac\Source\SceneSkybox.cpp(373,49): warning C4305: 'argument': truncation from 'double' to 'float'
C:\Users\xryan\Documents\GitHub\SP2\SP2\DM2122 Prac\Source\SceneSkybox.cpp(374,48): warning C4305: 'argument': truncation from 'double' to 'float'
C:\Users\xryan\Documents\GitHub\SP2\SP2\DM2122 Prac\Source\SceneSkybox.cpp(375,50): warning C4305: 'argument': truncation from 'double' to 'float'
C:\Users\xryan\Documents\GitHub\SP2\SP2\DM2122 Prac\Source\SceneSkybox.cpp(376,50): warning C4305: 'argument': truncation from 'double' to 'float'
C:\Users\xryan\Documents\GitHub\SP2\SP2\DM2122 Prac\Source\SceneSkybox.cpp(377,49): warning C4305: 'argument': truncation from 'double' to 'float'
C:\Users\xryan\Documents\GitHub\SP2\SP2\DM2122 Prac\Source\SceneSkybox.cpp(630,65): warning C4018: '<': signed/unsigned mismatch
C:\Users\xryan\Documents\GitHub\SP2\SP2\DM2122 Prac\Source\SceneSkybox.cpp(778,25): warning C4244: '=': conversion from 'float' to 'int', possible loss of data
C:\Users\xryan\Documents\GitHub\SP2\SP2\DM2122 Prac\Source\SceneSkybox.cpp(784,25): warning C4244: '=': conversion from 'float' to 'int', possible loss of data
C:\Users\xryan\Documents\GitHub\SP2\SP2\DM2122 Prac\Source\SceneSkybox.cpp(1315,26): warning C4244: 'argument': conversion from 'int' to 'float', possible loss of data
C:\Users\xryan\Documents\GitHub\SP2\SP2\DM2122 Prac\Source\SceneSkybox.cpp(1315,23): warning C4244: 'argument': conversion from 'int' to 'float', possible loss of data
C:\Users\xryan\Documents\GitHub\SP2\SP2\DM2122 Prac\Source\SceneSkybox.cpp(1316,26): warning C4244: 'argument': conversion from 'int' to 'float', possible loss of data
  Generating Code...
C:\Users\xryan\Documents\GitHub\SP2\SP2\DM2122 Prac\Source\SceneSkybox.cpp(1316,19): warning C4244: 'argument': conversion from 'int' to 'float', possible loss of data
  DM2122 Prac.vcxproj -> C:\Users\xryan\Documents\GitHub\SP2\SP2\Debug\DM2122 Prac.exe
